#
# There is insufficient memory for the Java Runtime Environment to continue.
# Native memory allocation (mmap) failed to map 264241152 bytes. Error detail: G1 virtual space
# Possible reasons:
#   The system is out of physical RAM or swap space
#   This process is running with CompressedOops enabled, and the Java Heap may be blocking the growth of the native heap
# Possible solutions:
#   Reduce memory load on the system
#   Increase physical memory or swap space
#   Check if swap backing store is full
#   Decrease Java heap size (-Xmx/-Xms)
#   Decrease number of Java threads
#   Decrease Java thread stack sizes (-Xss)
#   Set larger code cache with -XX:ReservedCodeCacheSize=
#   JVM is running with Zero Based Compressed Oops mode in which the Java heap is
#     placed in the first 32GB address space. The Java Heap base address is the
#     maximum limit for the native heap growth. Please use -XX:HeapBaseMinAddress
#     to set the Java Heap base and to place the Java Heap above 32GB virtual address.
# This output file may be truncated or incomplete.
#
#  Out of Memory Error (os_windows.cpp:3815), pid=34592, tid=37080
#
# JRE version:  (21.0.3+13) (build )
# Java VM: OpenJDK 64-Bit Server VM (21.0.3+13-b509.11, mixed mode, sharing, tiered, compressed oops, compressed class ptrs, g1 gc, windows-amd64)
# No core dump will be written. Minidumps are not enabled by default on client versions of Windows
#

---------------  S U M M A R Y ------------

Command Line: git4idea.http.GitAskPassApp Username for 'https://github.com': 

Host: 12th Gen Intel(R) Core(TM) i5-1240P, 16 cores, 15G,  Windows 11 , 64 bit Build 22621 (10.0.22621.4391)
Time: Sat Dec 14 20:28:41 2024  Windows 11 , 64 bit Build 22621 (10.0.22621.4391) elapsed time: 0.012830 seconds (0d 0h 0m 0s)

---------------  T H R E A D  ---------------

Current thread (0x00000196091cf080):  JavaThread "Unknown thread" [_thread_in_vm, id=37080, stack(0x00000049d7100000,0x00000049d7200000) (1024K)]

Stack: [0x00000049d7100000,0x00000049d7200000]
Native frames: (J=compiled Java code, j=interpreted, Vv=VM code, C=native code)
V  [jvm.dll+0x6e02f9]
V  [jvm.dll+0x8bd383]
V  [jvm.dll+0x8bf8de]
V  [jvm.dll+0x8bffc3]
V  [jvm.dll+0x2879c6]
V  [jvm.dll+0x6dcac5]
V  [jvm.dll+0x6d0f9a]
V  [jvm.dll+0x35f9bb]
V  [jvm.dll+0x367566]
V  [jvm.dll+0x3b8b56]
V  [jvm.dll+0x3b8e28]
V  [jvm.dll+0x33217c]
V  [jvm.dll+0x332e6b]
V  [jvm.dll+0x8845e9]
V  [jvm.dll+0x3c5f38]
V  [jvm.dll+0x86d80d]
V  [jvm.dll+0x45ab9e]
V  [jvm.dll+0x45c771]
C  [jli.dll+0x52ab]
C  [ucrtbase.dll+0x29333]
C  [KERNEL32.DLL+0x1259d]
C  [ntdll.dll+0x5af38]


---------------  P R O C E S S  ---------------

Threads class SMR info:
_java_thread_list=0x00007ffe520fd108, length=0, elements={
}

Java Threads: ( => current thread )
Total: 0

Other Threads:
  0x0000019609232490 WorkerThread "GC Thread#0"                     [id=19728, stack(0x00000049d7200000,0x00000049d7300000) (1024K)]
  0x0000019609243ed0 ConcurrentGCThread "G1 Main Marker"            [id=42540, stack(0x00000049d7300000,0x00000049d7400000) (1024K)]
  0x00000196092448e0 WorkerThread "G1 Conc#0"                       [id=37216, stack(0x00000049d7400000,0x00000049d7500000) (1024K)]

[error occurred during error reporting (printing all threads), id 0xc0000005, EXCEPTION_ACCESS_VIOLATION (0xc0000005) at pc=0x00007ffe517f52d7]
VM state: not at safepoint (not fully initialized)

VM Mutex/Monitor currently owned by a thread:  ([mutex/lock_event])
[0x00007ffe52171858] Heap_lock - owner thread: 0x00000196091cf080

Heap address: 0x0000000704c00000, size: 4020 MB, Compressed Oops mode: Zero based, Oop shift amount: 3

CDS archive(s) mapped at: [0x0000000000000000-0x0000000000000000-0x0000000000000000), size 0, SharedBaseAddress: 0x0000000800000000, ArchiveRelocationMode: 1.
Narrow klass base: 0x0000000000000000, Narrow klass shift: 0, Narrow klass range: 0x0

GC Precious Log:
 CardTable entry size: 512
 Card Set container configuration: InlinePtr #cards 4 size 8 Array Of Cards #cards 16 size 48 Howl #buckets 8 coarsen threshold 3686 Howl Bitmap #cards 512 size 80 coarsen threshold 460 Card regions per heap region 1 cards per card region 4096

Heap:
 garbage-first heap   total 0K, used 0K [0x0000000704c00000, 0x0000000800000000)
  region size 2048K, 0 young (0K), 0 survivors (0K)
 Metaspace       used 0K, committed 0K, reserved 0K
  class space    used 0K, committed 0K, reserved 0K

Heap Regions: E=young(eden), S=young(survivor), O=old, HS=humongous(starts), HC=humongous(continues), CS=collection set, F=free, TAMS=top-at-mark-start, PB=parsable bottom

Card table byte_map: [0x000001961d150000,0x000001961d930000] _byte_map_base: 0x000001961992a000

Marking Bits: (CMBitMap*) 0x0000019609233ab0
 Bits: [0x000001961d930000, 0x0000019621800000)

GC Heap History (0 events):
No events

Dll operation events (1 events):
Event: 0.007 Loaded shared library F:\PyCharm 2024.2.1\jbr\bin\java.dll

Deoptimization events (0 events):
No events

Classes loaded (0 events):
No events

Classes unloaded (0 events):
No events

Classes redefined (0 events):
No events

Internal exceptions (0 events):
No events

ZGC Phase Switch (0 events):
No events

VM Operations (0 events):
No events

Events (0 events):
No events


Dynamic libraries:
0x00007ff727da0000 - 0x00007ff727daa000 	F:\PyCharm 2024.2.1\jbr\bin\java.exe
0x00007ffec73f0000 - 0x00007ffec7607000 	C:\WINDOWS\SYSTEM32\ntdll.dll
0x00007ffec5630000 - 0x00007ffec56f4000 	C:\WINDOWS\System32\KERNEL32.DLL
0x00007ffec4cf0000 - 0x00007ffec50a9000 	C:\WINDOWS\System32\KERNELBASE.dll
0x00007ffec4920000 - 0x00007ffec4a31000 	C:\WINDOWS\System32\ucrtbase.dll
0x00007ffe851a0000 - 0x00007ffe851b8000 	F:\PyCharm 2024.2.1\jbr\bin\jli.dll
0x00007ffebd280000 - 0x00007ffebd29b000 	F:\PyCharm 2024.2.1\jbr\bin\VCRUNTIME140.dll
0x00007ffec52c0000 - 0x00007ffec546e000 	C:\WINDOWS\System32\USER32.dll
0x00007ffec50b0000 - 0x00007ffec50d6000 	C:\WINDOWS\System32\win32u.dll
0x00007ffea1ea0000 - 0x00007ffea2132000 	C:\WINDOWS\WinSxS\amd64_microsoft.windows.common-controls_6595b64144ccf1df_6.0.22621.4391_none_2715d37f73803e96\COMCTL32.dll
0x00007ffec5700000 - 0x00007ffec5729000 	C:\WINDOWS\System32\GDI32.dll
0x00007ffec4760000 - 0x00007ffec487b000 	C:\WINDOWS\System32\gdi32full.dll
0x00007ffec51f0000 - 0x00007ffec5297000 	C:\WINDOWS\System32\msvcrt.dll
0x00007ffec4880000 - 0x00007ffec491a000 	C:\WINDOWS\System32\msvcp_win.dll
0x00007ffec6180000 - 0x00007ffec61b1000 	C:\WINDOWS\System32\IMM32.DLL
0x00007ffebd200000 - 0x00007ffebd20c000 	F:\PyCharm 2024.2.1\jbr\bin\vcruntime140_1.dll
0x00007ffe80d60000 - 0x00007ffe80ded000 	F:\PyCharm 2024.2.1\jbr\bin\msvcp140.dll
0x00007ffe514b0000 - 0x00007ffe52262000 	F:\PyCharm 2024.2.1\jbr\bin\server\jvm.dll
0x00007ffec69e0000 - 0x00007ffec6a92000 	C:\WINDOWS\System32\ADVAPI32.dll
0x00007ffec5840000 - 0x00007ffec58e7000 	C:\WINDOWS\System32\sechost.dll
0x00007ffec50e0000 - 0x00007ffec5108000 	C:\WINDOWS\System32\bcrypt.dll
0x00007ffec6060000 - 0x00007ffec6174000 	C:\WINDOWS\System32\RPCRT4.dll
0x00007ffec7330000 - 0x00007ffec73a1000 	C:\WINDOWS\System32\WS2_32.dll
0x00007ffec45c0000 - 0x00007ffec460d000 	C:\WINDOWS\SYSTEM32\POWRPROF.dll
0x00007ffeb7740000 - 0x00007ffeb774a000 	C:\WINDOWS\SYSTEM32\VERSION.dll
0x00007ffeba5b0000 - 0x00007ffeba5e4000 	C:\WINDOWS\SYSTEM32\WINMM.dll
0x00007ffec45a0000 - 0x00007ffec45b3000 	C:\WINDOWS\SYSTEM32\UMPDC.dll
0x00007ffec36f0000 - 0x00007ffec3708000 	C:\WINDOWS\SYSTEM32\kernel.appcore.dll
0x00007ffebd1e0000 - 0x00007ffebd1ea000 	F:\PyCharm 2024.2.1\jbr\bin\jimage.dll
0x00007ffec1fc0000 - 0x00007ffec21f2000 	C:\WINDOWS\SYSTEM32\DBGHELP.DLL
0x00007ffec59f0000 - 0x00007ffec5d7f000 	C:\WINDOWS\System32\combase.dll
0x00007ffec5110000 - 0x00007ffec51e7000 	C:\WINDOWS\System32\OLEAUT32.dll
0x00007ffea1df0000 - 0x00007ffea1e22000 	C:\WINDOWS\SYSTEM32\dbgcore.DLL
0x00007ffec4a40000 - 0x00007ffec4abb000 	C:\WINDOWS\System32\bcryptPrimitives.dll
0x00007ffeb85c0000 - 0x00007ffeb85df000 	F:\PyCharm 2024.2.1\jbr\bin\java.dll

dbghelp: loaded successfully - version: 4.0.5 - missing functions: none
symbol engine: initialized successfully - sym options: 0x614 - pdb path: .;F:\PyCharm 2024.2.1\jbr\bin;C:\WINDOWS\SYSTEM32;C:\WINDOWS\WinSxS\amd64_microsoft.windows.common-controls_6595b64144ccf1df_6.0.22621.4391_none_2715d37f73803e96;F:\PyCharm 2024.2.1\jbr\bin\server

VM Arguments:
java_command: git4idea.http.GitAskPassApp Username for 'https://github.com': 
java_class_path (initial): F:/PyCharm 2024.2.1/plugins/vcs-git/lib/git4idea-rt.jar;F:/PyCharm 2024.2.1/lib/externalProcess-rt.jar
Launcher Type: SUN_STANDARD

[Global flags]
     intx CICompilerCount                          = 12                                        {product} {ergonomic}
     uint ConcGCThreads                            = 3                                         {product} {ergonomic}
     uint G1ConcRefinementThreads                  = 13                                        {product} {ergonomic}
   size_t G1HeapRegionSize                         = 2097152                                   {product} {ergonomic}
    uintx GCDrainStackTargetSize                   = 64                                        {product} {ergonomic}
   size_t InitialHeapSize                          = 264241152                                 {product} {ergonomic}
   size_t MarkStackSize                            = 4194304                                   {product} {ergonomic}
   size_t MaxHeapSize                              = 4215275520                                {product} {ergonomic}
   size_t MinHeapDeltaBytes                        = 2097152                                   {product} {ergonomic}
   size_t MinHeapSize                              = 8388608                                   {product} {ergonomic}
    uintx NonNMethodCodeHeapSize                   = 7602480                                {pd product} {ergonomic}
    uintx NonProfiledCodeHeapSize                  = 122027880                              {pd product} {ergonomic}
    uintx ProfiledCodeHeapSize                     = 122027880                              {pd product} {ergonomic}
    uintx ReservedCodeCacheSize                    = 251658240                              {pd product} {ergonomic}
     bool SegmentedCodeCache                       = true                                      {product} {ergonomic}
   size_t SoftMaxHeapSize                          = 4215275520                             {manageable} {ergonomic}
     bool UseCompressedOops                        = true                           {product lp64_product} {ergonomic}
     bool UseG1GC                                  = true                                      {product} {ergonomic}
     bool UseLargePagesIndividualAllocation        = false                                  {pd product} {ergonomic}

Logging:
Log output configuration:
 #0: stdout all=warning uptime,level,tags foldmultilines=false
 #1: stderr all=off uptime,level,tags foldmultilines=false

Environment Variables:
JAVA_HOME=F:\Environment\Java1.8
PATH=F:\Git\mingw64\libexec\git-core;F:\Git\mingw64\libexec\git-core;F:\Git\mingw64\bin;F:\Git\usr\bin;C:\Users\XXX\bin;C:\Anaconda;C:\Anaconda\Scripts;C:\Program Files (x86)\NVIDIA Corporation\PhysX\Common;F:\虚拟机\bin;C:\;Program Files\Common Files\Oracle\Java\javapath;C:\Program Files\Microsoft\jdk-11.0.16.101-hotspot\bin;C:\Windows\system32;C:\Windows;C:\Windows\System32\Wbem;C:\Windows\System32\WindowsPowerShell\v1.0;C:\Windows\System32\OpenSSH;C:\WINDOWS\system32;C:\WINDOWS;C:\WINDOWS\System32\Wbem;C:\WINDOWS\System32\WindowsPowerShell\v1.0;C:\WINDOWS\System32\OpenSSH;F:\Bandizip;%JAVA_;OME%\bin;F:\MySQL\MySQL Server 8.0\bin;C:\environment\nvm;C:\environment\nodejs;C:\Program Files\dotnet;F:\Git\cmd;F:\xampp\mysql;F:\xampp\php;C:\Program Files\TortoiseGit\bin;F:\微信web开发者工具\dll;C:\Users\XXX\Anaconda3;C:\Users\XXX\Anaconda3\Scripts;C:\Users\XXX\Anaconda3\condabin;C:\Users\XXX\AppData\Local\Programs\Python\Python311\Scripts;C:\Users\XXX\AppData\Local\Programs\Python\Python311;C:\Users\XXX\AppData\Local\Programs\Python\Python312\Scripts;C:\Users\XXX\AppData\Local\Programs\Python\Python312;C:\Users\XXX\emsdk;C:\Users\XXX\emsdk\upstream\emscripten;C:\environment\python\python38;C:\environment\python\python38\Scripts;F:\MySQL\MySQL Shell 8.0\bin;C:\Users\XXX\AppData\Local\Microsoft\WindowsApps;F:\Microsoft VS Code\bin;C:\Users\XXX\Desktop\mingw-w64-v10.0.0\mingw-w64-v10.0.0\mingw-w64-crt\crt;C:\Users\XXX\.dotnet\tools;F:\idea\IntelliJ IDEA 2022.3.3\bin;C:\environment\nvm;C:\environment\nodejs;F:\PyCharm 2024.2.1\bin
USERNAME=XXX
DISPLAY=:0.0
LC_ALL=en_US.UTF-8
TERM=xterm-256color
TMPDIR=C:\Users\XXX\AppData\Local\Temp
OS=Windows_NT
PROCESSOR_IDENTIFIER=Intel64 Family 6 Model 154 Stepping 3, GenuineIntel
TMP=C:\Users\XXX\AppData\Local\Temp
TEMP=C:\Users\XXX\AppData\Local\Temp




Periodic native trim disabled

JNI global refs:
JNI global refs: 0, weak refs: 0

JNI global refs memory usage: 0, weak refs: 0

Process memory usage:
Resident Set Size: 13144K (0% of 16463952K total physical memory with 1993224K free physical memory)

OOME stack traces (most recent first):
Classloader memory used:

---------------  S Y S T E M  ---------------

OS:
 Windows 11 , 64 bit Build 22621 (10.0.22621.4391)
OS uptime: 16 days 23:31 hours
Hyper-V role detected

CPU: total 16 (initial active 16) (8 cores per cpu, 2 threads per core) family 6 model 154 stepping 3 microcode 0x41b, cx8, cmov, fxsr, ht, mmx, 3dnowpref, sse, sse2, sse3, ssse3, sse4.1, sse4.2, popcnt, lzcnt, tsc, tscinvbit, avx, avx2, aes, erms, clmul, bmi1, bmi2, adx, sha, fma, vzeroupper, clflush, clflushopt, clwb, hv, serialize, rdtscp, rdpid, fsrm, f16c, cet_ibt, cet_ss
Processor Information for processor 0
  Max Mhz: 1700, Current Mhz: 1700, Mhz Limit: 1700
Processor Information for processor 1
  Max Mhz: 1700, Current Mhz: 1700, Mhz Limit: 1700
Processor Information for processor 2
  Max Mhz: 1700, Current Mhz: 1700, Mhz Limit: 1700
Processor Information for processor 3
  Max Mhz: 1700, Current Mhz: 1700, Mhz Limit: 1700
Processor Information for processor 4
  Max Mhz: 1700, Current Mhz: 1700, Mhz Limit: 1700
Processor Information for processor 5
  Max Mhz: 1700, Current Mhz: 1700, Mhz Limit: 1700
Processor Information for processor 6
  Max Mhz: 1700, Current Mhz: 1700, Mhz Limit: 1700
Processor Information for processor 7
  Max Mhz: 1700, Current Mhz: 1700, Mhz Limit: 1700
Processor Information for processor 8
  Max Mhz: 1700, Current Mhz: 1200, Mhz Limit: 1190
Processor Information for processor 9
  Max Mhz: 1700, Current Mhz: 1200, Mhz Limit: 1190
Processor Information for processor 10
  Max Mhz: 1700, Current Mhz: 1200, Mhz Limit: 1190
Processor Information for processor 11
  Max Mhz: 1700, Current Mhz: 1200, Mhz Limit: 1190
Processor Information for processor 12
  Max Mhz: 1700, Current Mhz: 1200, Mhz Limit: 1190
Processor Information for processor 13
  Max Mhz: 1700, Current Mhz: 1200, Mhz Limit: 1190
Processor Information for processor 14
  Max Mhz: 1700, Current Mhz: 1200, Mhz Limit: 1190
Processor Information for processor 15
  Max Mhz: 1700, Current Mhz: 1200, Mhz Limit: 1190

Memory: 4k page, system-wide physical 16078M (1946M free)
TotalPageFile size 18126M (AvailPageFile size 175M)
current process WorkingSet (physical memory assigned to process): 12M, peak: 12M
current process commit charge ("private bytes"): 70M, peak: 322M

vm_info: OpenJDK 64-Bit Server VM (21.0.3+13-b509.11) for windows-amd64 JRE (21.0.3+13-b509.11), built on 2024-08-12 by "builduser" with MS VC++ 16.10 / 16.11 (VS2019)

END.
